<?xml version="1.0" encoding="UTF-8"?>
<!-- Generated by org.testng.reporters.JUnitXMLReporter -->
<testsuite ignored="0" hostname="Prems-MacBook-Air-2.local" failures="0" tests="6" name="Surefire test" time="29.71" errors="0" timestamp="2026-06-17T16:42:08 IST">
  <testcase classname="specs.BookIdeaTest" name="bookIdeaRecommendation" time="4.441"/>
  <testcase classname="specs.LoginTest" name="loginShouldOpenDashboard" time="1.519"/>
  <testcase classname="specs.ProfileDashboardTest" name="updateProfile" time="2.8"/>
  <testcase classname="specs.GetVisualizerTest" name="openVisualizer" time="2.027"/>
  <testcase classname="specs.ConsultationDeleteTest" name="deleteConsultation" time="2.827"/>
  <testcase classname="specs.ConsultationAddTest" name="bookingConsultationShouldShowSuccessMessage" time="3.488"/>
</testsuite> <!-- Surefire test -->
