<?xml version="1.0" encoding="UTF-8"?>
<testng-results ignored="0" total="6" passed="6" failed="0" skipped="0">
  <reporter-output>
  </reporter-output>
  <suite started-at="2026-06-17T16:41:38 IST" name="Surefire suite" finished-at="2026-06-17T16:42:08 IST" duration-ms="29710">
    <groups>
    </groups>
    <test started-at="2026-06-17T16:41:38 IST" name="Surefire test" finished-at="2026-06-17T16:42:08 IST" duration-ms="29710">
      <class name="specs.LoginTest">
        <test-method is-config="true" signature="setUp()[pri:0, instance:specs.LoginTest@1d082e88]" started-at="2026-06-17T16:41:46 IST" name="setUp" finished-at="2026-06-17T16:41:48 IST" duration-ms="2319" status="PASS">
          <reporter-output>
          </reporter-output>
        </test-method> <!-- setUp -->
        <test-method signature="loginShouldOpenDashboard()[pri:0, instance:specs.LoginTest@1d082e88]" started-at="2026-06-17T16:41:48 IST" name="loginShouldOpenDashboard" finished-at="2026-06-17T16:41:49 IST" duration-ms="1519" status="PASS">
          <reporter-output>
          </reporter-output>
        </test-method> <!-- loginShouldOpenDashboard -->
        <test-method is-config="true" signature="tearDown()[pri:0, instance:specs.LoginTest@1d082e88]" started-at="2026-06-17T16:41:49 IST" name="tearDown" finished-at="2026-06-17T16:41:50 IST" duration-ms="156" status="PASS">
          <reporter-output>
          </reporter-output>
        </test-method> <!-- tearDown -->
      </class> <!-- specs.LoginTest -->
      <class name="specs.ProfileDashboardTest">
        <test-method is-config="true" signature="setUp()[pri:0, instance:specs.ProfileDashboardTest@60704c]" started-at="2026-06-17T16:41:50 IST" name="setUp" finished-at="2026-06-17T16:41:51 IST" duration-ms="1382" status="PASS">
          <reporter-output>
          </reporter-output>
        </test-method> <!-- setUp -->
        <test-method signature="updateProfile()[pri:0, instance:specs.ProfileDashboardTest@60704c]" started-at="2026-06-17T16:41:51 IST" name="updateProfile" finished-at="2026-06-17T16:41:54 IST" duration-ms="2800" status="PASS">
          <reporter-output>
          </reporter-output>
        </test-method> <!-- updateProfile -->
        <test-method is-config="true" signature="tearDown()[pri:0, instance:specs.ProfileDashboardTest@60704c]" started-at="2026-06-17T16:41:54 IST" name="tearDown" finished-at="2026-06-17T16:41:54 IST" duration-ms="147" status="PASS">
          <reporter-output>
          </reporter-output>
        </test-method> <!-- tearDown -->
      </class> <!-- specs.ProfileDashboardTest -->
      <class name="specs.ConsultationDeleteTest">
        <test-method is-config="true" signature="setUp()[pri:0, instance:specs.ConsultationDeleteTest@2a32de6c]" started-at="2026-06-17T16:41:58 IST" name="setUp" finished-at="2026-06-17T16:41:59 IST" duration-ms="1381" status="PASS">
          <reporter-output>
          </reporter-output>
        </test-method> <!-- setUp -->
        <test-method signature="deleteConsultation()[pri:0, instance:specs.ConsultationDeleteTest@2a32de6c]" started-at="2026-06-17T16:41:59 IST" name="deleteConsultation" finished-at="2026-06-17T16:42:02 IST" duration-ms="2827" status="PASS">
          <reporter-output>
          </reporter-output>
        </test-method> <!-- deleteConsultation -->
        <test-method is-config="true" signature="tearDown()[pri:0, instance:specs.ConsultationDeleteTest@2a32de6c]" started-at="2026-06-17T16:42:02 IST" name="tearDown" finished-at="2026-06-17T16:42:02 IST" duration-ms="155" status="PASS">
          <reporter-output>
          </reporter-output>
        </test-method> <!-- tearDown -->
      </class> <!-- specs.ConsultationDeleteTest -->
      <class name="specs.BookIdeaTest">
        <test-method is-config="true" signature="setUp()[pri:0, instance:specs.BookIdeaTest@5db45159]" started-at="2026-06-17T16:41:38 IST" name="setUp" finished-at="2026-06-17T16:41:41 IST" duration-ms="2883" status="PASS">
          <reporter-output>
          </reporter-output>
        </test-method> <!-- setUp -->
        <test-method signature="bookIdeaRecommendation()[pri:0, instance:specs.BookIdeaTest@5db45159]" started-at="2026-06-17T16:41:41 IST" name="bookIdeaRecommendation" finished-at="2026-06-17T16:41:45 IST" duration-ms="4441" status="PASS">
          <reporter-output>
          </reporter-output>
        </test-method> <!-- bookIdeaRecommendation -->
        <test-method is-config="true" signature="tearDown()[pri:0, instance:specs.BookIdeaTest@5db45159]" started-at="2026-06-17T16:41:45 IST" name="tearDown" finished-at="2026-06-17T16:41:46 IST" duration-ms="208" status="PASS">
          <reporter-output>
          </reporter-output>
        </test-method> <!-- tearDown -->
      </class> <!-- specs.BookIdeaTest -->
      <class name="specs.ConsultationAddTest">
        <test-method is-config="true" signature="setUp()[pri:0, instance:specs.ConsultationAddTest@7692d9cc]" started-at="2026-06-17T16:42:02 IST" name="setUp" finished-at="2026-06-17T16:42:04 IST" duration-ms="1784" status="PASS">
          <reporter-output>
          </reporter-output>
        </test-method> <!-- setUp -->
        <test-method signature="bookingConsultationShouldShowSuccessMessage()[pri:0, instance:specs.ConsultationAddTest@7692d9cc]" started-at="2026-06-17T16:42:04 IST" name="bookingConsultationShouldShowSuccessMessage" finished-at="2026-06-17T16:42:08 IST" duration-ms="3488" status="PASS">
          <reporter-output>
          </reporter-output>
        </test-method> <!-- bookingConsultationShouldShowSuccessMessage -->
        <test-method is-config="true" signature="tearDown()[pri:0, instance:specs.ConsultationAddTest@7692d9cc]" started-at="2026-06-17T16:42:08 IST" name="tearDown" finished-at="2026-06-17T16:42:08 IST" duration-ms="122" status="PASS">
          <reporter-output>
          </reporter-output>
        </test-method> <!-- tearDown -->
      </class> <!-- specs.ConsultationAddTest -->
      <class name="specs.GetVisualizerTest">
        <test-method is-config="true" signature="setUp()[pri:0, instance:specs.GetVisualizerTest@6b19b79]" started-at="2026-06-17T16:41:54 IST" name="setUp" finished-at="2026-06-17T16:41:56 IST" duration-ms="1677" status="PASS">
          <reporter-output>
          </reporter-output>
        </test-method> <!-- setUp -->
        <test-method signature="openVisualizer()[pri:0, instance:specs.GetVisualizerTest@6b19b79]" started-at="2026-06-17T16:41:56 IST" name="openVisualizer" finished-at="2026-06-17T16:41:58 IST" duration-ms="2027" status="PASS">
          <reporter-output>
          </reporter-output>
        </test-method> <!-- openVisualizer -->
        <test-method is-config="true" signature="tearDown()[pri:0, instance:specs.GetVisualizerTest@6b19b79]" started-at="2026-06-17T16:41:58 IST" name="tearDown" finished-at="2026-06-17T16:41:58 IST" duration-ms="222" status="PASS">
          <reporter-output>
          </reporter-output>
        </test-method> <!-- tearDown -->
      </class> <!-- specs.GetVisualizerTest -->
    </test> <!-- Surefire test -->
  </suite> <!-- Surefire suite -->
</testng-results>
